<?xml version="1.0" encoding="UTF-8"?>
<!-- Generated by org.testng.reporters.JUnitReportReporter -->
<testsuite skipped="0" hostname="DESKTOP-G39MIP7" name="org.example.AppTest" tests="1" failures="0" timestamp="2020-02-28T00:30:32 IST" time="0.006" errors="0">
  <testcase name="shouldAnswerWithTrue" time="0.006" classname="org.example.AppTest"/>
  <system-out/>
</testsuite> <!-- org.example.AppTest -->
