<?xml version="1.0" encoding="UTF-8"?>
<!-- Generated by org.testng.reporters.JUnitReportReporter -->
<testsuite skipped="0" hostname="DESKTOP-G39MIP7" name="test.samples.FirstTest" tests="1" failures="0" timestamp="2020-02-28T00:30:32 IST" time="0.001" errors="0">
  <testcase name="myTest" time="0.001" classname="test.samples.FirstTest"/>
  <system-out/>
</testsuite> <!-- test.samples.FirstTest -->
